vmanager: *I,MERGL1: Preparing icc target model ...
vmanager: *I,MERGL1: Doing model union ...
vmanager: *I,MERGL2:   With primary run (/home/faculty/d/davidkebo/csce-714/HTAX/work/sim/regression/htax_regress.davidkebo.24_11_24_13_05_24_3569/model_dir): /home/faculty/d/davidkebo/csce-714/HTAX/work/sim/regression/htax_regress.davidkebo.24_11_24_13_05_24_3569/model_dir/icc_4e8e3c4e_7997b529.ucm
vmanager: *I,MERGL1: Target model generated successfully.
vmanager: *I,MERGL1: Projecting data into the target model ...
vmanager: *I,MERGL2:   /home/faculty/d/davidkebo/csce-714/HTAX/work/sim/regression/htax_regress.davidkebo.24_11_24_13_05_24_3569/chain_0/all_test/run_1/cov_work/scope/test_sv145560361:
vmanager: *I,MERGL3:       Data is projected in to the target model.
vmanager: *I,MERGL2:   /home/faculty/d/davidkebo/csce-714/HTAX/work/sim/regression/htax_regress.davidkebo.24_11_24_13_05_24_3569/chain_0/all_test/run_2/cov_work/scope/test_sv-391308724:
vmanager: *I,MERGL3:       Data is projected in to the target model.
vmanager: *I,MERGL2:   /home/faculty/d/davidkebo/csce-714/HTAX/work/sim/regression/htax_regress.davidkebo.24_11_24_13_05_24_3569/chain_0/all_test/run_3/cov_work/scope/test_sv-1196614179:
vmanager: *I,MERGL3:       Data is projected in to the target model.
vmanager: *I,MERGL2:   /home/faculty/d/davidkebo/csce-714/HTAX/work/sim/regression/htax_regress.davidkebo.24_11_24_13_05_24_3569/chain_0/all_test/run_4/cov_work/scope/test_sv1689069325:
vmanager: *I,MERGL3:       Data is projected in to the target model.
vmanager: *I,MERGL2:   /home/faculty/d/davidkebo/csce-714/HTAX/work/sim/regression/htax_regress.davidkebo.24_11_24_13_05_24_3569/chain_0/all_test/run_5/cov_work/scope/test_sv-1263718452:
vmanager: *I,MERGL3:       Data is projected in to the target model.
vmanager: *I,MERGL2:   /home/faculty/d/davidkebo/csce-714/HTAX/work/sim/regression/htax_regress.davidkebo.24_11_24_13_05_24_3569/chain_0/all_test/run_6/cov_work/scope/test_sv1823289621:
vmanager: *I,MERGL3:       Data is projected in to the target model.
vmanager: *I,MERGL2:   /home/faculty/d/davidkebo/csce-714/HTAX/work/sim/regression/htax_regress.davidkebo.24_11_24_13_05_24_3569/chain_0/all_test/run_7/cov_work/scope/test_sv1017985107:
vmanager: *I,MERGL3:       Data is projected in to the target model.
vmanager: *I,MERGL2:   /home/faculty/d/davidkebo/csce-714/HTAX/work/sim/regression/htax_regress.davidkebo.24_11_24_13_05_24_3569/chain_0/all_test/run_8/cov_work/scope/test_sv1118487465:
vmanager: *I,MERGL3:       Data is projected in to the target model.
vmanager: *I,MERGL2:   /home/faculty/d/davidkebo/csce-714/HTAX/work/sim/regression/htax_regress.davidkebo.24_11_24_13_05_24_3569/chain_0/all_test/run_9/cov_work/scope/test_sv313181451:
vmanager: *I,MERGL3:       Data is projected in to the target model.
vmanager: *I,MERGL2:   /home/faculty/d/davidkebo/csce-714/HTAX/work/sim/regression/htax_regress.davidkebo.24_11_24_13_05_24_3569/chain_0/all_test/run_10/cov_work/scope/test_sv-223687603:
vmanager: *I,MERGL3:       Data is projected in to the target model.
vmanager: *I,MERGL2:   /home/faculty/d/davidkebo/csce-714/HTAX/work/sim/regression/htax_regress.davidkebo.24_11_24_13_05_24_3569/chain_0/all_test/run_11/cov_work/scope/test_sv-1431644208:
vmanager: *I,MERGL3:       Data is projected in to the target model.
vmanager: *I,MERGL2:   /home/faculty/d/davidkebo/csce-714/HTAX/work/sim/regression/htax_regress.davidkebo.24_11_24_13_05_24_3569/chain_0/all_test/run_12/cov_work/scope/test_sv-1163208409:
vmanager: *I,MERGL3:       Data is projected in to the target model.
vmanager: *I,MERGL2:   /home/faculty/d/davidkebo/csce-714/HTAX/work/sim/regression/htax_regress.davidkebo.24_11_24_13_05_24_3569/chain_0/all_test/run_13/cov_work/scope/test_sv648732773:
vmanager: *I,MERGL3:       Data is projected in to the target model.
vmanager: *I,MERGL2:   /home/faculty/d/davidkebo/csce-714/HTAX/work/sim/regression/htax_regress.davidkebo.24_11_24_13_05_24_3569/chain_0/all_test/run_14/cov_work/scope/test_sv917171150:
vmanager: *I,MERGL3:       Data is projected in to the target model.
vmanager: *I,MERGL2:   /home/faculty/d/davidkebo/csce-714/HTAX/work/sim/regression/htax_regress.davidkebo.24_11_24_13_05_24_3569/chain_0/all_test/run_15/cov_work/scope/test_sv-827658962:
vmanager: *I,MERGL3:       Data is projected in to the target model.
vmanager: *I,MERGL1: Writing icc model to /home/faculty/d/davidkebo/csce-714/HTAX/work/sim/regression/htax_regress.davidkebo.24_11_24_13_05_24_3569/merged_ucds/default/1732475393867/icc_4e8e3c4e_7997b529.ucm(merged)
vmanager: *I,MERGL1: Writing icc data to /home/faculty/d/davidkebo/csce-714/HTAX/work/sim/regression/htax_regress.davidkebo.24_11_24_13_05_24_3569/merged_ucds/default/1732475393867/merged_tests/icc_4e8e3c4e_7997b529.ucd(merged)
vmanager: *I,coverage.merge_op_done_no_warns: Merge operation (session runs merge) is done without any conflicts.
